<?xml version="1.0" encoding="UTF-8"?>
<!-- Generated by org.testng.reporters.JUnitReportReporter -->
<testsuite hostname="FISB17NB022" failures="0" tests="2" name="Tuitorial.AppiumTest" time="0.006" errors="0" timestamp="2020-04-20T23:14:31 MYT" skipped="0">
  <testcase classname="Tuitorial.AppiumTest" name="MobileTestA" time="0.000"/>
  <system-out/>
  <testcase classname="Tuitorial.AppiumTest" name="MobileTest" time="0.006"/>
  <system-out/>
</testsuite> <!-- Tuitorial.AppiumTest -->
