<?xml version="1.0" encoding="UTF-8"?>
<!-- Generated by org.testng.reporters.JUnitReportReporter -->
<testsuite hostname="FISB17NB022" failures="0" tests="2" name="Tuitorial.RESTAPITest" time="0.000" errors="0" timestamp="2020-04-20T23:14:31 MYT" skipped="0">
  <testcase classname="Tuitorial.RESTAPITest" name="RESTAPITestA" time="0.000"/>
  <system-out/>
  <testcase classname="Tuitorial.RESTAPITest" name="RESTAPITest" time="0.000"/>
  <system-out/>
</testsuite> <!-- Tuitorial.RESTAPITest -->
