<?xml version="1.0" encoding="UTF-8"?>
<!-- Generated by org.testng.reporters.JUnitReportReporter -->
<testsuite hostname="FISB17NB022" failures="0" tests="2" name="Tuitorial.SeleniumTest" time="0.000" errors="0" timestamp="2020-04-20T23:12:16 MYT" skipped="0">
  <testcase classname="Tuitorial.SeleniumTest" name="SeleniumTestA" time="0.000"/>
  <system-out/>
  <testcase classname="Tuitorial.SeleniumTest" name="SeleniumTest" time="0.000"/>
  <system-out/>
</testsuite> <!-- Tuitorial.SeleniumTest -->
